2024-07-12 12:44:02,964 INFO o.a.j.u.JMeterUtils: Setting Locale to en_EN
2024-07-12 12:44:02,977 INFO o.a.j.JMeter: Loading user properties from: user.properties
2024-07-12 12:44:02,977 INFO o.a.j.JMeter: Loading system properties from: system.properties
2024-07-12 12:44:02,980 INFO o.a.j.JMeter: Copyright (c) 1998-2024 The Apache Software Foundation
2024-07-12 12:44:02,980 INFO o.a.j.JMeter: Version 5.6.3
2024-07-12 12:44:02,980 INFO o.a.j.JMeter: java.version=11.0.23
2024-07-12 12:44:02,980 INFO o.a.j.JMeter: java.vm.name=OpenJDK 64-Bit Server VM
2024-07-12 12:44:02,980 INFO o.a.j.JMeter: os.name=Linux
2024-07-12 12:44:02,980 INFO o.a.j.JMeter: os.arch=amd64
2024-07-12 12:44:02,980 INFO o.a.j.JMeter: os.version=6.5.0-41-generic
2024-07-12 12:44:02,980 INFO o.a.j.JMeter: file.encoding=UTF-8
2024-07-12 12:44:02,980 INFO o.a.j.JMeter: java.awt.headless=null
2024-07-12 12:44:02,980 INFO o.a.j.JMeter: Max memory     =1073741824
2024-07-12 12:44:02,980 INFO o.a.j.JMeter: Available Processors =12
2024-07-12 12:44:02,984 INFO o.a.j.JMeter: Default Locale=English (EN)
2024-07-12 12:44:02,984 INFO o.a.j.JMeter: JMeter  Locale=English (EN)
2024-07-12 12:44:02,984 INFO o.a.j.JMeter: JMeterHome=/home/sureshratna/Downloads/JMeter/apache-jmeter-5.6.3
2024-07-12 12:44:02,984 INFO o.a.j.JMeter: user.dir  =/home/sureshratna/Downloads/JMeter/apache-jmeter-5.6.3/bin
2024-07-12 12:44:02,984 INFO o.a.j.JMeter: PWD       =/home/sureshratna/Downloads/JMeter/apache-jmeter-5.6.3/bin
2024-07-12 12:44:02,985 INFO o.a.j.JMeter: IP: 127.0.1.1 Name: sureifyadmin-ThinkPad-L14-Gen-3 FullName: sureifyadmin-ThinkPad-L14-Gen-3
2024-07-12 12:44:02,991 INFO o.a.j.JMeter: Loaded icon properties from org/apache/jmeter/images/icon.properties
2024-07-12 12:44:03,164 INFO o.a.j.JMeterGuiLauncher: Setting LAF to: com.github.weisj.darklaf.DarkLaf:com.github.weisj.darklaf.theme.DarculaTheme
2024-07-12 12:44:03,806 INFO o.a.j.r.ClassFinder: Will scan jar /home/sureshratna/Downloads/JMeter/apache-jmeter-5.6.3/lib/ext/jmeter-plugins-casutg-2.10.jar with filter ExtendsClassFilter [parents=[interface org.apache.jmeter.gui.action.Command], inner=false, contains=null, notContains=null]. Consider exposing JMeter plugins via META-INF/services, and add JMeter-Skip-Class-Scanning=true manifest attribute so JMeter can skip classfile scanning
2024-07-12 12:44:03,815 INFO o.a.j.r.ClassFinder: Will scan jar /home/sureshratna/Downloads/JMeter/apache-jmeter-5.6.3/lib/ext/jmeter-plugins-manager-1.10.jar with filter ExtendsClassFilter [parents=[interface org.apache.jmeter.gui.action.Command], inner=false, contains=null, notContains=null]. Consider exposing JMeter plugins via META-INF/services, and add JMeter-Skip-Class-Scanning=true manifest attribute so JMeter can skip classfile scanning
2024-07-12 12:44:03,925 INFO o.a.j.r.ClassFinder: Will scan jar /home/sureshratna/Downloads/JMeter/apache-jmeter-5.6.3/lib/ext/jmeter-plugins-casutg-2.10.jar with filter ExtendsClassFilter [parents=[interface org.apache.jmeter.gui.plugin.MenuCreator], inner=false, contains=null, notContains=null]. Consider exposing JMeter plugins via META-INF/services, and add JMeter-Skip-Class-Scanning=true manifest attribute so JMeter can skip classfile scanning
2024-07-12 12:44:03,926 INFO o.a.j.r.ClassFinder: Will scan jar /home/sureshratna/Downloads/JMeter/apache-jmeter-5.6.3/lib/ext/jmeter-plugins-manager-1.10.jar with filter ExtendsClassFilter [parents=[interface org.apache.jmeter.gui.plugin.MenuCreator], inner=false, contains=null, notContains=null]. Consider exposing JMeter plugins via META-INF/services, and add JMeter-Skip-Class-Scanning=true manifest attribute so JMeter can skip classfile scanning
2024-07-12 12:44:03,964 INFO o.j.r.JARSourceHTTP: Requesting https://jmeter-plugins.org/repo/?installID=linux-0af227a0992802ea1a7d2ea610d631db-gui
2024-07-12 12:44:07,285 INFO o.j.r.PluginManager: Plugins Status: [jpgc-casutg=2.10, jpgc-plugins-manager=1.10, jmeter-core=5.6.3, jmeter-ftp=5.6.3, jmeter-http=5.6.3, jmeter-jdbc=5.6.3, jmeter-jms=5.6.3, jmeter-junit=5.6.3, jmeter-java=5.6.3, jmeter-ldap=5.6.3, jmeter-mail=5.6.3, jmeter-mongodb=5.6.3, jmeter-native=5.6.3, jmeter-tcp=5.6.3, jmeter-components=5.6.3]
2024-07-12 12:44:11,439 INFO o.a.j.s.FileServer: Default base='/home/sureshratna/Downloads/JMeter/apache-jmeter-5.6.3/bin'
2024-07-12 12:44:11,441 INFO o.a.j.g.a.Load: Loading file: /home/sureshratna/Downloads/KTSession.jmx
2024-07-12 12:44:11,441 INFO o.a.j.s.FileServer: Set new base='/home/sureshratna/Downloads'
2024-07-12 12:44:11,563 INFO o.a.j.s.SaveService: Testplan (JMX) version: 2.2. Testlog (JTL) version: 2.2
2024-07-12 12:44:11,571 INFO o.a.j.s.SaveService: Using SaveService properties version 5.0
2024-07-12 12:44:11,573 INFO o.a.j.s.SaveService: Using SaveService properties file encoding UTF-8
2024-07-12 12:44:11,575 INFO o.a.j.s.SaveService: Loading file: /home/sureshratna/Downloads/KTSession.jmx
2024-07-12 12:44:11,685 INFO o.a.j.p.h.s.HTTPSamplerBase: Parser for text/html is org.apache.jmeter.protocol.http.parser.LagartoBasedHtmlParser
2024-07-12 12:44:11,685 INFO o.a.j.p.h.s.HTTPSamplerBase: Parser for application/xhtml+xml is org.apache.jmeter.protocol.http.parser.LagartoBasedHtmlParser
2024-07-12 12:44:11,685 INFO o.a.j.p.h.s.HTTPSamplerBase: Parser for application/xml is org.apache.jmeter.protocol.http.parser.LagartoBasedHtmlParser
2024-07-12 12:44:11,685 INFO o.a.j.p.h.s.HTTPSamplerBase: Parser for text/xml is org.apache.jmeter.protocol.http.parser.LagartoBasedHtmlParser
2024-07-12 12:44:11,685 INFO o.a.j.p.h.s.HTTPSamplerBase: Parser for text/vnd.wap.wml is org.apache.jmeter.protocol.http.parser.RegexpHTMLParser
2024-07-12 12:44:11,686 INFO o.a.j.p.h.s.HTTPSamplerBase: Parser for text/css is org.apache.jmeter.protocol.http.parser.CssParser
2024-07-12 12:44:11,693 INFO o.a.j.p.h.c.CookieManager: Settings: Delete null: true Check: true Allow variable: true Save: false Prefix: COOKIE_
2024-07-12 12:44:11,984 INFO o.a.j.s.SampleResult: Note: Sample TimeStamps are START times
2024-07-12 12:44:11,984 INFO o.a.j.s.SampleResult: sampleresult.default.encoding is set to UTF-8
2024-07-12 12:44:11,984 INFO o.a.j.s.SampleResult: sampleresult.useNanoTime=true
2024-07-12 12:44:11,984 INFO o.a.j.s.SampleResult: sampleresult.nanoThreadSleep=5000
2024-07-12 12:44:12,043 INFO o.a.j.r.ClassFinder: Will scan jar /home/sureshratna/Downloads/JMeter/apache-jmeter-5.6.3/lib/ext/jmeter-plugins-casutg-2.10.jar with filter ExtendsClassFilter [parents=[interface org.apache.jmeter.visualizers.ResultRenderer], inner=false, contains=null, notContains=null]. Consider exposing JMeter plugins via META-INF/services, and add JMeter-Skip-Class-Scanning=true manifest attribute so JMeter can skip classfile scanning
2024-07-12 12:44:12,043 INFO o.a.j.r.ClassFinder: Will scan jar /home/sureshratna/Downloads/JMeter/apache-jmeter-5.6.3/lib/ext/jmeter-plugins-manager-1.10.jar with filter ExtendsClassFilter [parents=[interface org.apache.jmeter.visualizers.ResultRenderer], inner=false, contains=null, notContains=null]. Consider exposing JMeter plugins via META-INF/services, and add JMeter-Skip-Class-Scanning=true manifest attribute so JMeter can skip classfile scanning
2024-07-12 12:44:12,054 INFO o.a.j.r.ClassFinder: Will scan jar /home/sureshratna/Downloads/JMeter/apache-jmeter-5.6.3/lib/ext/jmeter-plugins-casutg-2.10.jar with filter ExtendsClassFilter [parents=[interface org.apache.jmeter.visualizers.RequestView], inner=false, contains=null, notContains=null]. Consider exposing JMeter plugins via META-INF/services, and add JMeter-Skip-Class-Scanning=true manifest attribute so JMeter can skip classfile scanning
2024-07-12 12:44:12,055 INFO o.a.j.r.ClassFinder: Will scan jar /home/sureshratna/Downloads/JMeter/apache-jmeter-5.6.3/lib/ext/jmeter-plugins-manager-1.10.jar with filter ExtendsClassFilter [parents=[interface org.apache.jmeter.visualizers.RequestView], inner=false, contains=null, notContains=null]. Consider exposing JMeter plugins via META-INF/services, and add JMeter-Skip-Class-Scanning=true manifest attribute so JMeter can skip classfile scanning
2024-07-12 12:44:12,123 INFO o.a.j.r.ClassFinder: Will scan jar /home/sureshratna/Downloads/JMeter/apache-jmeter-5.6.3/lib/ext/jmeter-plugins-casutg-2.10.jar with filter ExtendsClassFilter [parents=[interface org.apache.jmeter.visualizers.ResultRenderer], inner=false, contains=null, notContains=null]. Consider exposing JMeter plugins via META-INF/services, and add JMeter-Skip-Class-Scanning=true manifest attribute so JMeter can skip classfile scanning
2024-07-12 12:44:12,124 INFO o.a.j.r.ClassFinder: Will scan jar /home/sureshratna/Downloads/JMeter/apache-jmeter-5.6.3/lib/ext/jmeter-plugins-manager-1.10.jar with filter ExtendsClassFilter [parents=[interface org.apache.jmeter.visualizers.ResultRenderer], inner=false, contains=null, notContains=null]. Consider exposing JMeter plugins via META-INF/services, and add JMeter-Skip-Class-Scanning=true manifest attribute so JMeter can skip classfile scanning
2024-07-12 12:44:12,132 INFO o.a.j.r.ClassFinder: Will scan jar /home/sureshratna/Downloads/JMeter/apache-jmeter-5.6.3/lib/ext/jmeter-plugins-casutg-2.10.jar with filter ExtendsClassFilter [parents=[interface org.apache.jmeter.visualizers.RequestView], inner=false, contains=null, notContains=null]. Consider exposing JMeter plugins via META-INF/services, and add JMeter-Skip-Class-Scanning=true manifest attribute so JMeter can skip classfile scanning
2024-07-12 12:44:12,132 INFO o.a.j.r.ClassFinder: Will scan jar /home/sureshratna/Downloads/JMeter/apache-jmeter-5.6.3/lib/ext/jmeter-plugins-manager-1.10.jar with filter ExtendsClassFilter [parents=[interface org.apache.jmeter.visualizers.RequestView], inner=false, contains=null, notContains=null]. Consider exposing JMeter plugins via META-INF/services, and add JMeter-Skip-Class-Scanning=true manifest attribute so JMeter can skip classfile scanning
2024-07-12 12:44:12,190 INFO o.a.j.r.ClassFinder: Will scan jar /home/sureshratna/Downloads/JMeter/apache-jmeter-5.6.3/lib/ext/jmeter-plugins-casutg-2.10.jar with filter ExtendsClassFilter [parents=[interface org.apache.jmeter.visualizers.ResultRenderer], inner=false, contains=null, notContains=null]. Consider exposing JMeter plugins via META-INF/services, and add JMeter-Skip-Class-Scanning=true manifest attribute so JMeter can skip classfile scanning
2024-07-12 12:44:12,190 INFO o.a.j.r.ClassFinder: Will scan jar /home/sureshratna/Downloads/JMeter/apache-jmeter-5.6.3/lib/ext/jmeter-plugins-manager-1.10.jar with filter ExtendsClassFilter [parents=[interface org.apache.jmeter.visualizers.ResultRenderer], inner=false, contains=null, notContains=null]. Consider exposing JMeter plugins via META-INF/services, and add JMeter-Skip-Class-Scanning=true manifest attribute so JMeter can skip classfile scanning
2024-07-12 12:44:12,198 INFO o.a.j.r.ClassFinder: Will scan jar /home/sureshratna/Downloads/JMeter/apache-jmeter-5.6.3/lib/ext/jmeter-plugins-casutg-2.10.jar with filter ExtendsClassFilter [parents=[interface org.apache.jmeter.visualizers.RequestView], inner=false, contains=null, notContains=null]. Consider exposing JMeter plugins via META-INF/services, and add JMeter-Skip-Class-Scanning=true manifest attribute so JMeter can skip classfile scanning
2024-07-12 12:44:12,198 INFO o.a.j.r.ClassFinder: Will scan jar /home/sureshratna/Downloads/JMeter/apache-jmeter-5.6.3/lib/ext/jmeter-plugins-manager-1.10.jar with filter ExtendsClassFilter [parents=[interface org.apache.jmeter.visualizers.RequestView], inner=false, contains=null, notContains=null]. Consider exposing JMeter plugins via META-INF/services, and add JMeter-Skip-Class-Scanning=true manifest attribute so JMeter can skip classfile scanning
2024-07-12 12:44:12,253 INFO o.a.j.r.ClassFinder: Will scan jar /home/sureshratna/Downloads/JMeter/apache-jmeter-5.6.3/lib/ext/jmeter-plugins-casutg-2.10.jar with filter ExtendsClassFilter [parents=[interface org.apache.jmeter.visualizers.ResultRenderer], inner=false, contains=null, notContains=null]. Consider exposing JMeter plugins via META-INF/services, and add JMeter-Skip-Class-Scanning=true manifest attribute so JMeter can skip classfile scanning
2024-07-12 12:44:12,254 INFO o.a.j.r.ClassFinder: Will scan jar /home/sureshratna/Downloads/JMeter/apache-jmeter-5.6.3/lib/ext/jmeter-plugins-manager-1.10.jar with filter ExtendsClassFilter [parents=[interface org.apache.jmeter.visualizers.ResultRenderer], inner=false, contains=null, notContains=null]. Consider exposing JMeter plugins via META-INF/services, and add JMeter-Skip-Class-Scanning=true manifest attribute so JMeter can skip classfile scanning
2024-07-12 12:44:12,261 INFO o.a.j.r.ClassFinder: Will scan jar /home/sureshratna/Downloads/JMeter/apache-jmeter-5.6.3/lib/ext/jmeter-plugins-casutg-2.10.jar with filter ExtendsClassFilter [parents=[interface org.apache.jmeter.visualizers.RequestView], inner=false, contains=null, notContains=null]. Consider exposing JMeter plugins via META-INF/services, and add JMeter-Skip-Class-Scanning=true manifest attribute so JMeter can skip classfile scanning
2024-07-12 12:44:12,261 INFO o.a.j.r.ClassFinder: Will scan jar /home/sureshratna/Downloads/JMeter/apache-jmeter-5.6.3/lib/ext/jmeter-plugins-manager-1.10.jar with filter ExtendsClassFilter [parents=[interface org.apache.jmeter.visualizers.RequestView], inner=false, contains=null, notContains=null]. Consider exposing JMeter plugins via META-INF/services, and add JMeter-Skip-Class-Scanning=true manifest attribute so JMeter can skip classfile scanning
2024-07-12 12:44:12,302 INFO o.a.j.e.u.CompoundVariable: Note: Function class names must contain the string: '.functions.'
2024-07-12 12:44:12,303 INFO o.a.j.e.u.CompoundVariable: Note: Function class names must not contain the string: '.gui.'
2024-07-12 12:44:12,317 INFO o.a.j.r.ClassFinder: Will scan jar /home/sureshratna/Downloads/JMeter/apache-jmeter-5.6.3/lib/ext/jmeter-plugins-casutg-2.10.jar with filter ExtendsClassFilter [parents=[interface org.apache.jmeter.functions.Function], inner=false, contains=null, notContains=null]. Consider exposing JMeter plugins via META-INF/services, and add JMeter-Skip-Class-Scanning=true manifest attribute so JMeter can skip classfile scanning
2024-07-12 12:44:12,318 INFO o.a.j.r.ClassFinder: Will scan jar /home/sureshratna/Downloads/JMeter/apache-jmeter-5.6.3/lib/ext/jmeter-plugins-manager-1.10.jar with filter ExtendsClassFilter [parents=[interface org.apache.jmeter.functions.Function], inner=false, contains=null, notContains=null]. Consider exposing JMeter plugins via META-INF/services, and add JMeter-Skip-Class-Scanning=true manifest attribute so JMeter can skip classfile scanning
2024-07-12 12:44:12,327 INFO o.a.j.r.ClassFinder: Will scan jar /home/sureshratna/Downloads/JMeter/apache-jmeter-5.6.3/lib/ext/jmeter-plugins-casutg-2.10.jar with filter ExtendsClassFilter [parents=[interface org.apache.jmeter.visualizers.ResultRenderer], inner=false, contains=null, notContains=null]. Consider exposing JMeter plugins via META-INF/services, and add JMeter-Skip-Class-Scanning=true manifest attribute so JMeter can skip classfile scanning
2024-07-12 12:44:12,328 INFO o.a.j.r.ClassFinder: Will scan jar /home/sureshratna/Downloads/JMeter/apache-jmeter-5.6.3/lib/ext/jmeter-plugins-manager-1.10.jar with filter ExtendsClassFilter [parents=[interface org.apache.jmeter.visualizers.ResultRenderer], inner=false, contains=null, notContains=null]. Consider exposing JMeter plugins via META-INF/services, and add JMeter-Skip-Class-Scanning=true manifest attribute so JMeter can skip classfile scanning
2024-07-12 12:44:12,335 INFO o.a.j.r.ClassFinder: Will scan jar /home/sureshratna/Downloads/JMeter/apache-jmeter-5.6.3/lib/ext/jmeter-plugins-casutg-2.10.jar with filter ExtendsClassFilter [parents=[interface org.apache.jmeter.visualizers.RequestView], inner=false, contains=null, notContains=null]. Consider exposing JMeter plugins via META-INF/services, and add JMeter-Skip-Class-Scanning=true manifest attribute so JMeter can skip classfile scanning
2024-07-12 12:44:12,335 INFO o.a.j.r.ClassFinder: Will scan jar /home/sureshratna/Downloads/JMeter/apache-jmeter-5.6.3/lib/ext/jmeter-plugins-manager-1.10.jar with filter ExtendsClassFilter [parents=[interface org.apache.jmeter.visualizers.RequestView], inner=false, contains=null, notContains=null]. Consider exposing JMeter plugins via META-INF/services, and add JMeter-Skip-Class-Scanning=true manifest attribute so JMeter can skip classfile scanning
2024-07-12 12:44:12,361 INFO o.a.j.r.ClassFinder: Will scan jar /home/sureshratna/Downloads/JMeter/apache-jmeter-5.6.3/lib/ext/jmeter-plugins-casutg-2.10.jar with filter ExtendsClassFilter [parents=[interface org.apache.jmeter.visualizers.ResultRenderer], inner=false, contains=null, notContains=null]. Consider exposing JMeter plugins via META-INF/services, and add JMeter-Skip-Class-Scanning=true manifest attribute so JMeter can skip classfile scanning
2024-07-12 12:44:12,361 INFO o.a.j.r.ClassFinder: Will scan jar /home/sureshratna/Downloads/JMeter/apache-jmeter-5.6.3/lib/ext/jmeter-plugins-manager-1.10.jar with filter ExtendsClassFilter [parents=[interface org.apache.jmeter.visualizers.ResultRenderer], inner=false, contains=null, notContains=null]. Consider exposing JMeter plugins via META-INF/services, and add JMeter-Skip-Class-Scanning=true manifest attribute so JMeter can skip classfile scanning
2024-07-12 12:44:12,368 INFO o.a.j.r.ClassFinder: Will scan jar /home/sureshratna/Downloads/JMeter/apache-jmeter-5.6.3/lib/ext/jmeter-plugins-casutg-2.10.jar with filter ExtendsClassFilter [parents=[interface org.apache.jmeter.visualizers.RequestView], inner=false, contains=null, notContains=null]. Consider exposing JMeter plugins via META-INF/services, and add JMeter-Skip-Class-Scanning=true manifest attribute so JMeter can skip classfile scanning
2024-07-12 12:44:12,369 INFO o.a.j.r.ClassFinder: Will scan jar /home/sureshratna/Downloads/JMeter/apache-jmeter-5.6.3/lib/ext/jmeter-plugins-manager-1.10.jar with filter ExtendsClassFilter [parents=[interface org.apache.jmeter.visualizers.RequestView], inner=false, contains=null, notContains=null]. Consider exposing JMeter plugins via META-INF/services, and add JMeter-Skip-Class-Scanning=true manifest attribute so JMeter can skip classfile scanning
2024-07-12 12:44:12,395 INFO o.a.j.r.ClassFinder: Will scan jar /home/sureshratna/Downloads/JMeter/apache-jmeter-5.6.3/lib/ext/jmeter-plugins-casutg-2.10.jar with filter ExtendsClassFilter [parents=[interface org.apache.jmeter.visualizers.ResultRenderer], inner=false, contains=null, notContains=null]. Consider exposing JMeter plugins via META-INF/services, and add JMeter-Skip-Class-Scanning=true manifest attribute so JMeter can skip classfile scanning
2024-07-12 12:44:12,395 INFO o.a.j.r.ClassFinder: Will scan jar /home/sureshratna/Downloads/JMeter/apache-jmeter-5.6.3/lib/ext/jmeter-plugins-manager-1.10.jar with filter ExtendsClassFilter [parents=[interface org.apache.jmeter.visualizers.ResultRenderer], inner=false, contains=null, notContains=null]. Consider exposing JMeter plugins via META-INF/services, and add JMeter-Skip-Class-Scanning=true manifest attribute so JMeter can skip classfile scanning
2024-07-12 12:44:12,402 INFO o.a.j.r.ClassFinder: Will scan jar /home/sureshratna/Downloads/JMeter/apache-jmeter-5.6.3/lib/ext/jmeter-plugins-casutg-2.10.jar with filter ExtendsClassFilter [parents=[interface org.apache.jmeter.visualizers.RequestView], inner=false, contains=null, notContains=null]. Consider exposing JMeter plugins via META-INF/services, and add JMeter-Skip-Class-Scanning=true manifest attribute so JMeter can skip classfile scanning
2024-07-12 12:44:12,403 INFO o.a.j.r.ClassFinder: Will scan jar /home/sureshratna/Downloads/JMeter/apache-jmeter-5.6.3/lib/ext/jmeter-plugins-manager-1.10.jar with filter ExtendsClassFilter [parents=[interface org.apache.jmeter.visualizers.RequestView], inner=false, contains=null, notContains=null]. Consider exposing JMeter plugins via META-INF/services, and add JMeter-Skip-Class-Scanning=true manifest attribute so JMeter can skip classfile scanning
2024-07-12 12:44:12,429 INFO o.a.j.s.FileServer: Set new base='/home/sureshratna/Downloads'
2024-07-12 12:44:27,775 INFO o.a.j.e.StandardJMeterEngine: Running the test!
2024-07-12 12:44:27,775 INFO o.a.j.s.SampleEvent: List of sample_variables: []
2024-07-12 12:44:27,775 INFO o.a.j.s.SampleEvent: List of sample_variables: []
2024-07-12 12:44:27,809 INFO o.a.j.g.u.JMeterMenuBar: setRunning(true, *local*)
2024-07-12 12:44:27,842 INFO o.a.j.e.StandardJMeterEngine: Starting ThreadGroup: 1 : Thread Group_Login & Dashboard Using Controllers
2024-07-12 12:44:27,843 INFO o.a.j.e.StandardJMeterEngine: Starting 1 threads for group Thread Group_Login & Dashboard Using Controllers.
2024-07-12 12:44:27,843 INFO o.a.j.e.StandardJMeterEngine: Thread will continue on error
2024-07-12 12:44:27,843 INFO o.a.j.t.ThreadGroup: Starting thread group... number=1 threads=1 ramp-up=1 delayedStart=false
2024-07-12 12:44:27,845 INFO o.a.j.t.ThreadGroup: Started thread group number 1
2024-07-12 12:44:27,845 INFO o.a.j.e.StandardJMeterEngine: All thread groups have been started
2024-07-12 12:44:27,847 INFO o.a.j.t.JMeterThread: Thread started: Thread Group_Login & Dashboard Using Controllers 1-1
2024-07-12 12:44:27,848 INFO o.a.j.s.FileServer: Stored: ./LoadTestdata.csv
2024-07-12 12:44:27,848 ERROR o.a.j.t.JMeterThread: Test failed!
java.lang.IllegalArgumentException: Could not read file header line for file ./LoadTestdata.csv
	at org.apache.jmeter.services.FileServer.reserveFile(FileServer.java:283) ~[ApacheJMeter_core.jar:5.6.3]
	at org.apache.jmeter.config.CSVDataSet.initVars(CSVDataSet.java:208) ~[ApacheJMeter_components.jar:5.6.3]
	at org.apache.jmeter.config.CSVDataSet.iterationStart(CSVDataSet.java:171) ~[ApacheJMeter_components.jar:5.6.3]
	at org.apache.jmeter.control.GenericController.fireIterationStart(GenericController.java:412) ~[ApacheJMeter_core.jar:5.6.3]
	at org.apache.jmeter.control.GenericController.fireIterEvents(GenericController.java:404) ~[ApacheJMeter_core.jar:5.6.3]
	at org.apache.jmeter.control.GenericController.next(GenericController.java:170) ~[ApacheJMeter_core.jar:5.6.3]
	at org.apache.jmeter.control.LoopController.next(LoopController.java:119) ~[ApacheJMeter_core.jar:5.6.3]
	at org.apache.jmeter.threads.AbstractThreadGroup.next(AbstractThreadGroup.java:109) ~[ApacheJMeter_core.jar:5.6.3]
	at org.apache.jmeter.threads.JMeterThread.run(JMeterThread.java:266) [ApacheJMeter_core.jar:5.6.3]
	at java.base/java.lang.Thread.run(Thread.java:829) [?:?]
Caused by: java.lang.IllegalArgumentException: File LoadTestdata.csv must exist and be readable
	at org.apache.jmeter.services.FileServer.createBufferedReader(FileServer.java:424) ~[ApacheJMeter_core.jar:5.6.3]
	at org.apache.jmeter.services.FileServer.readLine(FileServer.java:340) ~[ApacheJMeter_core.jar:5.6.3]
	at org.apache.jmeter.services.FileServer.readLine(FileServer.java:324) ~[ApacheJMeter_core.jar:5.6.3]
	at org.apache.jmeter.services.FileServer.reserveFile(FileServer.java:272) ~[ApacheJMeter_core.jar:5.6.3]
	... 9 more
2024-07-12 12:44:27,851 INFO o.a.j.t.JMeterThread: Thread finished: Thread Group_Login & Dashboard Using Controllers 1-1
2024-07-12 12:44:27,851 INFO o.a.j.e.StandardJMeterEngine: Notifying test listeners of end of test
2024-07-12 12:44:27,852 INFO o.a.j.g.u.JMeterMenuBar: setRunning(false, *local*)
2024-07-12 12:44:44,551 INFO o.a.j.e.StandardJMeterEngine: Running the test!
2024-07-12 12:44:44,552 INFO o.a.j.s.SampleEvent: List of sample_variables: []
2024-07-12 12:44:44,554 INFO o.a.j.g.u.JMeterMenuBar: setRunning(true, *local*)
2024-07-12 12:44:44,592 INFO o.a.j.e.StandardJMeterEngine: Starting ThreadGroup: 1 : Thread Group_Login & Dashboard Using Controllers
2024-07-12 12:44:44,592 INFO o.a.j.e.StandardJMeterEngine: Starting 1 threads for group Thread Group_Login & Dashboard Using Controllers.
2024-07-12 12:44:44,592 INFO o.a.j.e.StandardJMeterEngine: Thread will continue on error
2024-07-12 12:44:44,593 INFO o.a.j.t.ThreadGroup: Starting thread group... number=1 threads=1 ramp-up=1 delayedStart=false
2024-07-12 12:44:44,596 INFO o.a.j.t.ThreadGroup: Started thread group number 1
2024-07-12 12:44:44,596 INFO o.a.j.e.StandardJMeterEngine: All thread groups have been started
2024-07-12 12:44:44,597 INFO o.a.j.t.JMeterThread: Thread started: Thread Group_Login & Dashboard Using Controllers 1-1
2024-07-12 12:44:44,597 INFO o.a.j.s.FileServer: Stored: ./LoadTestdata.csv
2024-07-12 12:44:44,598 ERROR o.a.j.t.JMeterThread: Test failed!
java.lang.IllegalArgumentException: Could not read file header line for file ./LoadTestdata.csv
	at org.apache.jmeter.services.FileServer.reserveFile(FileServer.java:283) ~[ApacheJMeter_core.jar:5.6.3]
	at org.apache.jmeter.config.CSVDataSet.initVars(CSVDataSet.java:208) ~[ApacheJMeter_components.jar:5.6.3]
	at org.apache.jmeter.config.CSVDataSet.iterationStart(CSVDataSet.java:171) ~[ApacheJMeter_components.jar:5.6.3]
	at org.apache.jmeter.control.GenericController.fireIterationStart(GenericController.java:412) ~[ApacheJMeter_core.jar:5.6.3]
	at org.apache.jmeter.control.GenericController.fireIterEvents(GenericController.java:404) ~[ApacheJMeter_core.jar:5.6.3]
	at org.apache.jmeter.control.GenericController.next(GenericController.java:170) ~[ApacheJMeter_core.jar:5.6.3]
	at org.apache.jmeter.control.LoopController.next(LoopController.java:119) ~[ApacheJMeter_core.jar:5.6.3]
	at org.apache.jmeter.threads.AbstractThreadGroup.next(AbstractThreadGroup.java:109) ~[ApacheJMeter_core.jar:5.6.3]
	at org.apache.jmeter.threads.JMeterThread.run(JMeterThread.java:266) [ApacheJMeter_core.jar:5.6.3]
	at java.base/java.lang.Thread.run(Thread.java:829) [?:?]
Caused by: java.lang.IllegalArgumentException: File LoadTestdata.csv must exist and be readable
	at org.apache.jmeter.services.FileServer.createBufferedReader(FileServer.java:424) ~[ApacheJMeter_core.jar:5.6.3]
	at org.apache.jmeter.services.FileServer.readLine(FileServer.java:340) ~[ApacheJMeter_core.jar:5.6.3]
	at org.apache.jmeter.services.FileServer.readLine(FileServer.java:324) ~[ApacheJMeter_core.jar:5.6.3]
	at org.apache.jmeter.services.FileServer.reserveFile(FileServer.java:272) ~[ApacheJMeter_core.jar:5.6.3]
	... 9 more
2024-07-12 12:44:44,598 INFO o.a.j.t.JMeterThread: Thread finished: Thread Group_Login & Dashboard Using Controllers 1-1
2024-07-12 12:44:44,598 INFO o.a.j.e.StandardJMeterEngine: Notifying test listeners of end of test
2024-07-12 12:44:44,599 INFO o.a.j.g.u.JMeterMenuBar: setRunning(false, *local*)
2024-07-12 12:45:43,490 INFO o.a.j.e.StandardJMeterEngine: Running the test!
2024-07-12 12:45:43,491 INFO o.a.j.s.SampleEvent: List of sample_variables: []
2024-07-12 12:45:43,492 INFO o.a.j.g.u.JMeterMenuBar: setRunning(true, *local*)
2024-07-12 12:45:43,521 INFO o.a.j.e.StandardJMeterEngine: Starting ThreadGroup: 1 : Thread Group_Login & Dashboard Using Controllers
2024-07-12 12:45:43,521 INFO o.a.j.e.StandardJMeterEngine: Starting 1 threads for group Thread Group_Login & Dashboard Using Controllers.
2024-07-12 12:45:43,521 INFO o.a.j.e.StandardJMeterEngine: Thread will continue on error
2024-07-12 12:45:43,521 INFO o.a.j.t.ThreadGroup: Starting thread group... number=1 threads=1 ramp-up=1 delayedStart=false
2024-07-12 12:45:43,522 INFO o.a.j.t.ThreadGroup: Started thread group number 1
2024-07-12 12:45:43,522 INFO o.a.j.e.StandardJMeterEngine: All thread groups have been started
2024-07-12 12:45:43,522 INFO o.a.j.t.JMeterThread: Thread started: Thread Group_Login & Dashboard Using Controllers 1-1
2024-07-12 12:45:43,523 INFO o.a.j.s.FileServer: Stored: /home/sureshratna/Downloads/JMeter/LoadTestdata.csv
2024-07-12 12:45:48,542 INFO o.a.j.p.h.s.HTTPHCAbstractImpl: Local host = sureifyadmin-ThinkPad-L14-Gen-3
2024-07-12 12:45:48,546 INFO o.a.j.p.h.s.HTTPHC4Impl: HTTP request retry count = 0
2024-07-12 12:45:48,580 INFO o.a.j.p.h.s.h.LazyLayeredConnectionSocketFactory: Setting up HTTPS TrustAll Socket Factory
2024-07-12 12:45:48,582 INFO o.a.j.u.JsseSSLManager: Using default SSL protocol: TLS
2024-07-12 12:45:48,583 INFO o.a.j.u.JsseSSLManager: SSL session context: per-thread
2024-07-12 12:45:48,604 INFO o.a.j.u.SSLManager: JmeterKeyStore Location:  type JKS
2024-07-12 12:45:48,606 INFO o.a.j.u.SSLManager: KeyStore created OK
2024-07-12 12:45:48,606 WARN o.a.j.u.SSLManager: Keystore file not found, loading empty keystore
2024-07-12 12:45:57,381 INFO o.a.j.r.ClassFinder: Will scan jar /home/sureshratna/Downloads/JMeter/apache-jmeter-5.6.3/lib/ext/jmeter-plugins-casutg-2.10.jar with filter ExtendsClassFilter [parents=[interface org.apache.jmeter.visualizers.RequestView], inner=false, contains=null, notContains=null]. Consider exposing JMeter plugins via META-INF/services, and add JMeter-Skip-Class-Scanning=true manifest attribute so JMeter can skip classfile scanning
2024-07-12 12:45:57,381 INFO o.a.j.r.ClassFinder: Will scan jar /home/sureshratna/Downloads/JMeter/apache-jmeter-5.6.3/lib/ext/jmeter-plugins-manager-1.10.jar with filter ExtendsClassFilter [parents=[interface org.apache.jmeter.visualizers.RequestView], inner=false, contains=null, notContains=null]. Consider exposing JMeter plugins via META-INF/services, and add JMeter-Skip-Class-Scanning=true manifest attribute so JMeter can skip classfile scanning
2024-07-12 12:46:04,219 INFO o.a.j.t.JMeterThread: Thread is done: Thread Group_Login & Dashboard Using Controllers 1-1
2024-07-12 12:46:04,219 INFO o.a.j.t.JMeterThread: Thread finished: Thread Group_Login & Dashboard Using Controllers 1-1
2024-07-12 12:46:04,220 INFO o.a.j.e.StandardJMeterEngine: Notifying test listeners of end of test
2024-07-12 12:46:04,220 INFO o.a.j.s.FileServer: Close: /home/sureshratna/Downloads/JMeter/LoadTestdata.csv
2024-07-12 12:46:04,221 INFO o.a.j.g.u.JMeterMenuBar: setRunning(false, *local*)
2024-07-12 12:46:46,036 INFO o.a.j.e.StandardJMeterEngine: Running the test!
2024-07-12 12:46:46,036 INFO o.a.j.s.SampleEvent: List of sample_variables: []
2024-07-12 12:46:46,038 INFO o.a.j.g.u.JMeterMenuBar: setRunning(true, *local*)
2024-07-12 12:46:46,081 INFO o.a.j.e.StandardJMeterEngine: Starting ThreadGroup: 1 : Thread Group_Login & Dashboard Using Controllers
2024-07-12 12:46:46,081 INFO o.a.j.e.StandardJMeterEngine: Starting 1 threads for group Thread Group_Login & Dashboard Using Controllers.
2024-07-12 12:46:46,081 INFO o.a.j.e.StandardJMeterEngine: Thread will continue on error
2024-07-12 12:46:46,082 INFO o.a.j.t.ThreadGroup: Starting thread group... number=1 threads=1 ramp-up=1 delayedStart=false
2024-07-12 12:46:46,083 INFO o.a.j.t.ThreadGroup: Started thread group number 1
2024-07-12 12:46:46,083 INFO o.a.j.e.StandardJMeterEngine: All thread groups have been started
2024-07-12 12:46:46,083 INFO o.a.j.t.JMeterThread: Thread started: Thread Group_Login & Dashboard Using Controllers 1-1
2024-07-12 12:46:46,084 INFO o.a.j.s.FileServer: Stored: /home/sureshratna/Downloads/JMeter/LoadTestdata.csv
2024-07-12 12:47:11,423 INFO o.a.j.t.JMeterThread: Thread is done: Thread Group_Login & Dashboard Using Controllers 1-1
2024-07-12 12:47:11,423 INFO o.a.j.t.JMeterThread: Thread finished: Thread Group_Login & Dashboard Using Controllers 1-1
2024-07-12 12:47:11,424 INFO o.a.j.e.StandardJMeterEngine: Notifying test listeners of end of test
2024-07-12 12:47:11,424 INFO o.a.j.s.FileServer: Close: /home/sureshratna/Downloads/JMeter/LoadTestdata.csv
2024-07-12 12:47:11,424 INFO o.a.j.g.u.JMeterMenuBar: setRunning(false, *local*)
2024-07-12 12:47:44,107 INFO o.a.j.e.StandardJMeterEngine: Running the test!
2024-07-12 12:47:44,107 INFO o.a.j.s.SampleEvent: List of sample_variables: []
2024-07-12 12:47:44,108 INFO o.a.j.g.u.JMeterMenuBar: setRunning(true, *local*)
2024-07-12 12:47:44,136 INFO o.a.j.e.StandardJMeterEngine: Starting ThreadGroup: 1 : Thread Group_Login & Dashboard Using Controllers
2024-07-12 12:47:44,136 INFO o.a.j.e.StandardJMeterEngine: Starting 1 threads for group Thread Group_Login & Dashboard Using Controllers.
2024-07-12 12:47:44,136 INFO o.a.j.e.StandardJMeterEngine: Thread will continue on error
2024-07-12 12:47:44,136 INFO o.a.j.t.ThreadGroup: Starting thread group... number=1 threads=1 ramp-up=1 delayedStart=false
2024-07-12 12:47:44,136 INFO o.a.j.t.ThreadGroup: Started thread group number 1
2024-07-12 12:47:44,137 INFO o.a.j.e.StandardJMeterEngine: All thread groups have been started
2024-07-12 12:47:44,137 INFO o.a.j.t.JMeterThread: Thread started: Thread Group_Login & Dashboard Using Controllers 1-1
2024-07-12 12:47:44,137 INFO o.a.j.s.FileServer: Stored: /home/sureshratna/Downloads/JMeter/LoadTestdata.csv
2024-07-12 12:48:08,695 INFO o.a.j.t.JMeterThread: Thread is done: Thread Group_Login & Dashboard Using Controllers 1-1
2024-07-12 12:48:08,695 INFO o.a.j.t.JMeterThread: Thread finished: Thread Group_Login & Dashboard Using Controllers 1-1
2024-07-12 12:48:08,696 INFO o.a.j.e.StandardJMeterEngine: Notifying test listeners of end of test
2024-07-12 12:48:08,696 INFO o.a.j.s.FileServer: Close: /home/sureshratna/Downloads/JMeter/LoadTestdata.csv
2024-07-12 12:48:08,696 INFO o.a.j.g.u.JMeterMenuBar: setRunning(false, *local*)
2024-07-12 12:48:59,519 INFO o.a.j.e.StandardJMeterEngine: Running the test!
2024-07-12 12:48:59,519 INFO o.a.j.s.SampleEvent: List of sample_variables: []
2024-07-12 12:48:59,521 INFO o.a.j.g.u.JMeterMenuBar: setRunning(true, *local*)
2024-07-12 12:48:59,553 INFO o.a.j.e.StandardJMeterEngine: Starting ThreadGroup: 1 : Thread Group_Login & Dashboard Using Controllers
2024-07-12 12:48:59,553 INFO o.a.j.e.StandardJMeterEngine: Starting 1 threads for group Thread Group_Login & Dashboard Using Controllers.
2024-07-12 12:48:59,553 INFO o.a.j.e.StandardJMeterEngine: Thread will continue on error
2024-07-12 12:48:59,553 INFO o.a.j.t.ThreadGroup: Starting thread group... number=1 threads=1 ramp-up=1 delayedStart=false
2024-07-12 12:48:59,554 INFO o.a.j.t.ThreadGroup: Started thread group number 1
2024-07-12 12:48:59,554 INFO o.a.j.e.StandardJMeterEngine: All thread groups have been started
2024-07-12 12:48:59,554 INFO o.a.j.t.JMeterThread: Thread started: Thread Group_Login & Dashboard Using Controllers 1-1
2024-07-12 12:48:59,554 INFO o.a.j.s.FileServer: Stored: /home/sureshratna/Downloads/JMeter/LoadTestdata.csv
2024-07-12 12:49:23,832 INFO o.a.j.t.JMeterThread: Thread is done: Thread Group_Login & Dashboard Using Controllers 1-1
2024-07-12 12:49:23,832 INFO o.a.j.t.JMeterThread: Thread finished: Thread Group_Login & Dashboard Using Controllers 1-1
2024-07-12 12:49:23,833 INFO o.a.j.e.StandardJMeterEngine: Notifying test listeners of end of test
2024-07-12 12:49:23,833 INFO o.a.j.s.FileServer: Close: /home/sureshratna/Downloads/JMeter/LoadTestdata.csv
2024-07-12 12:49:23,833 INFO o.a.j.g.u.JMeterMenuBar: setRunning(false, *local*)
2024-07-12 12:49:52,499 INFO o.a.j.e.StandardJMeterEngine: Running the test!
2024-07-12 12:49:52,499 INFO o.a.j.s.SampleEvent: List of sample_variables: []
2024-07-12 12:49:52,499 INFO o.a.j.g.u.JMeterMenuBar: setRunning(true, *local*)
2024-07-12 12:49:52,533 INFO o.a.j.e.StandardJMeterEngine: Starting ThreadGroup: 1 : Thread Group_Login & Dashboard Using Controllers
2024-07-12 12:49:52,534 INFO o.a.j.e.StandardJMeterEngine: Starting 1 threads for group Thread Group_Login & Dashboard Using Controllers.
2024-07-12 12:49:52,534 INFO o.a.j.e.StandardJMeterEngine: Thread will continue on error
2024-07-12 12:49:52,534 INFO o.a.j.t.ThreadGroup: Starting thread group... number=1 threads=1 ramp-up=1 delayedStart=false
2024-07-12 12:49:52,534 INFO o.a.j.t.ThreadGroup: Started thread group number 1
2024-07-12 12:49:52,534 INFO o.a.j.e.StandardJMeterEngine: All thread groups have been started
2024-07-12 12:49:52,535 INFO o.a.j.t.JMeterThread: Thread started: Thread Group_Login & Dashboard Using Controllers 1-1
2024-07-12 12:49:52,535 INFO o.a.j.s.FileServer: Stored: /home/sureshratna/Downloads/JMeter/LoadTestdata.csv
2024-07-12 12:50:17,284 INFO o.a.j.t.JMeterThread: Thread is done: Thread Group_Login & Dashboard Using Controllers 1-1
2024-07-12 12:50:17,285 INFO o.a.j.t.JMeterThread: Thread finished: Thread Group_Login & Dashboard Using Controllers 1-1
2024-07-12 12:50:17,285 INFO o.a.j.e.StandardJMeterEngine: Notifying test listeners of end of test
2024-07-12 12:50:17,285 INFO o.a.j.s.FileServer: Close: /home/sureshratna/Downloads/JMeter/LoadTestdata.csv
2024-07-12 12:50:17,286 INFO o.a.j.g.u.JMeterMenuBar: setRunning(false, *local*)
2024-07-12 12:52:08,638 INFO o.a.j.e.StandardJMeterEngine: Running the test!
2024-07-12 12:52:08,638 INFO o.a.j.s.SampleEvent: List of sample_variables: []
2024-07-12 12:52:08,639 INFO o.a.j.g.u.JMeterMenuBar: setRunning(true, *local*)
2024-07-12 12:52:08,676 INFO o.a.j.e.StandardJMeterEngine: Starting ThreadGroup: 1 : Thread Group_Login & Dashboard Using Controllers
2024-07-12 12:52:08,676 INFO o.a.j.e.StandardJMeterEngine: Starting 1 threads for group Thread Group_Login & Dashboard Using Controllers.
2024-07-12 12:52:08,676 INFO o.a.j.e.StandardJMeterEngine: Thread will continue on error
2024-07-12 12:52:08,676 INFO o.a.j.t.ThreadGroup: Starting thread group... number=1 threads=1 ramp-up=1 delayedStart=false
2024-07-12 12:52:08,677 INFO o.a.j.t.ThreadGroup: Started thread group number 1
2024-07-12 12:52:08,677 INFO o.a.j.e.StandardJMeterEngine: All thread groups have been started
2024-07-12 12:52:08,677 INFO o.a.j.t.JMeterThread: Thread started: Thread Group_Login & Dashboard Using Controllers 1-1
2024-07-12 12:52:08,677 INFO o.a.j.s.FileServer: Stored: /home/sureshratna/Downloads/JMeter/LoadTestdata.csv
2024-07-12 12:52:31,430 INFO o.a.j.t.JMeterThread: Thread is done: Thread Group_Login & Dashboard Using Controllers 1-1
2024-07-12 12:52:31,430 INFO o.a.j.t.JMeterThread: Thread finished: Thread Group_Login & Dashboard Using Controllers 1-1
2024-07-12 12:52:31,431 INFO o.a.j.e.StandardJMeterEngine: Notifying test listeners of end of test
2024-07-12 12:52:31,431 INFO o.a.j.s.FileServer: Close: /home/sureshratna/Downloads/JMeter/LoadTestdata.csv
2024-07-12 12:52:31,431 INFO o.a.j.g.u.JMeterMenuBar: setRunning(false, *local*)
2024-07-12 12:53:05,123 INFO o.a.j.e.StandardJMeterEngine: Running the test!
2024-07-12 12:53:05,124 INFO o.a.j.s.SampleEvent: List of sample_variables: []
2024-07-12 12:53:05,125 INFO o.a.j.g.u.JMeterMenuBar: setRunning(true, *local*)
2024-07-12 12:53:05,175 INFO o.a.j.e.StandardJMeterEngine: Starting ThreadGroup: 1 : Thread Group_Login & Dashboard Using Controllers
2024-07-12 12:53:05,175 INFO o.a.j.e.StandardJMeterEngine: Starting 1 threads for group Thread Group_Login & Dashboard Using Controllers.
2024-07-12 12:53:05,175 INFO o.a.j.e.StandardJMeterEngine: Thread will continue on error
2024-07-12 12:53:05,175 INFO o.a.j.t.ThreadGroup: Starting thread group... number=1 threads=1 ramp-up=1 delayedStart=false
2024-07-12 12:53:05,176 INFO o.a.j.t.ThreadGroup: Started thread group number 1
2024-07-12 12:53:05,176 INFO o.a.j.e.StandardJMeterEngine: All thread groups have been started
2024-07-12 12:53:05,176 INFO o.a.j.t.JMeterThread: Thread started: Thread Group_Login & Dashboard Using Controllers 1-1
2024-07-12 12:53:05,176 INFO o.a.j.s.FileServer: Stored: /home/sureshratna/Downloads/JMeter/LoadTestdata.csv
2024-07-12 12:53:28,364 INFO o.a.j.t.JMeterThread: Thread is done: Thread Group_Login & Dashboard Using Controllers 1-1
2024-07-12 12:53:28,364 INFO o.a.j.t.JMeterThread: Thread finished: Thread Group_Login & Dashboard Using Controllers 1-1
2024-07-12 12:53:28,364 INFO o.a.j.e.StandardJMeterEngine: Notifying test listeners of end of test
2024-07-12 12:53:28,364 INFO o.a.j.s.FileServer: Close: /home/sureshratna/Downloads/JMeter/LoadTestdata.csv
2024-07-12 12:53:28,365 INFO o.a.j.g.u.JMeterMenuBar: setRunning(false, *local*)
2024-07-12 12:55:53,882 INFO o.a.j.e.StandardJMeterEngine: Running the test!
2024-07-12 12:55:53,882 INFO o.a.j.s.SampleEvent: List of sample_variables: []
2024-07-12 12:55:53,883 INFO o.a.j.g.u.JMeterMenuBar: setRunning(true, *local*)
2024-07-12 12:55:53,934 INFO o.a.j.e.StandardJMeterEngine: Starting ThreadGroup: 1 : Thread Group_Login & Dashboard Using Controllers
2024-07-12 12:55:53,934 INFO o.a.j.e.StandardJMeterEngine: Starting 1 threads for group Thread Group_Login & Dashboard Using Controllers.
2024-07-12 12:55:53,934 INFO o.a.j.e.StandardJMeterEngine: Thread will continue on error
2024-07-12 12:55:53,934 INFO o.a.j.t.ThreadGroup: Starting thread group... number=1 threads=1 ramp-up=1 delayedStart=false
2024-07-12 12:55:53,935 INFO o.a.j.t.ThreadGroup: Started thread group number 1
2024-07-12 12:55:53,935 INFO o.a.j.e.StandardJMeterEngine: All thread groups have been started
2024-07-12 12:55:53,935 INFO o.a.j.t.JMeterThread: Thread started: Thread Group_Login & Dashboard Using Controllers 1-1
2024-07-12 12:55:53,935 INFO o.a.j.s.FileServer: Stored: /home/sureshratna/Downloads/JMeter/LoadTestdata.csv
2024-07-12 12:56:17,732 INFO o.a.j.t.JMeterThread: Thread is done: Thread Group_Login & Dashboard Using Controllers 1-1
2024-07-12 12:56:17,733 INFO o.a.j.t.JMeterThread: Thread finished: Thread Group_Login & Dashboard Using Controllers 1-1
2024-07-12 12:56:17,734 INFO o.a.j.e.StandardJMeterEngine: Notifying test listeners of end of test
2024-07-12 12:56:17,734 INFO o.a.j.s.FileServer: Close: /home/sureshratna/Downloads/JMeter/LoadTestdata.csv
2024-07-12 12:56:17,734 INFO o.a.j.g.u.JMeterMenuBar: setRunning(false, *local*)
2024-07-12 12:57:10,486 INFO o.a.j.e.StandardJMeterEngine: Running the test!
2024-07-12 12:57:10,487 INFO o.a.j.s.SampleEvent: List of sample_variables: []
2024-07-12 12:57:10,487 INFO o.a.j.g.u.JMeterMenuBar: setRunning(true, *local*)
2024-07-12 12:57:10,491 INFO o.a.j.e.StandardJMeterEngine: Starting ThreadGroup: 1 : Thread Group_Login & Dashboard Using Controllers
2024-07-12 12:57:10,491 INFO o.a.j.e.StandardJMeterEngine: Starting 1 threads for group Thread Group_Login & Dashboard Using Controllers.
2024-07-12 12:57:10,491 INFO o.a.j.e.StandardJMeterEngine: Thread will continue on error
2024-07-12 12:57:10,491 INFO o.a.j.t.ThreadGroup: Starting thread group... number=1 threads=1 ramp-up=1 delayedStart=false
2024-07-12 12:57:10,492 INFO o.a.j.t.ThreadGroup: Started thread group number 1
2024-07-12 12:57:10,492 INFO o.a.j.e.StandardJMeterEngine: All thread groups have been started
2024-07-12 12:57:10,493 INFO o.a.j.t.JMeterThread: Thread started: Thread Group_Login & Dashboard Using Controllers 1-1
2024-07-12 12:57:10,493 INFO o.a.j.s.FileServer: Stored: /home/sureshratna/Downloads/JMeter/LoadTestdata.csv
2024-07-12 12:57:34,838 INFO o.a.j.t.JMeterThread: Thread is done: Thread Group_Login & Dashboard Using Controllers 1-1
2024-07-12 12:57:34,838 INFO o.a.j.t.JMeterThread: Thread finished: Thread Group_Login & Dashboard Using Controllers 1-1
2024-07-12 12:57:34,839 INFO o.a.j.e.StandardJMeterEngine: Notifying test listeners of end of test
2024-07-12 12:57:34,839 INFO o.a.j.s.FileServer: Close: /home/sureshratna/Downloads/JMeter/LoadTestdata.csv
2024-07-12 12:57:34,840 INFO o.a.j.g.u.JMeterMenuBar: setRunning(false, *local*)
2024-07-12 12:58:25,249 INFO o.a.j.e.StandardJMeterEngine: Running the test!
2024-07-12 12:58:25,249 INFO o.a.j.s.SampleEvent: List of sample_variables: []
2024-07-12 12:58:25,250 INFO o.a.j.g.u.JMeterMenuBar: setRunning(true, *local*)
2024-07-12 12:58:25,288 INFO o.a.j.e.StandardJMeterEngine: Starting ThreadGroup: 1 : Thread Group_Login & Dashboard Using Controllers
2024-07-12 12:58:25,288 INFO o.a.j.e.StandardJMeterEngine: Starting 1 threads for group Thread Group_Login & Dashboard Using Controllers.
2024-07-12 12:58:25,288 INFO o.a.j.e.StandardJMeterEngine: Thread will continue on error
2024-07-12 12:58:25,288 INFO o.a.j.t.ThreadGroup: Starting thread group... number=1 threads=1 ramp-up=1 delayedStart=false
2024-07-12 12:58:25,289 INFO o.a.j.t.ThreadGroup: Started thread group number 1
2024-07-12 12:58:25,289 INFO o.a.j.e.StandardJMeterEngine: All thread groups have been started
2024-07-12 12:58:25,289 INFO o.a.j.t.JMeterThread: Thread started: Thread Group_Login & Dashboard Using Controllers 1-1
2024-07-12 12:58:25,289 INFO o.a.j.s.FileServer: Stored: /home/sureshratna/Downloads/JMeter/LoadTestdata.csv
2024-07-12 12:59:00,644 INFO o.a.j.t.JMeterThread: Thread is done: Thread Group_Login & Dashboard Using Controllers 1-1
2024-07-12 12:59:00,645 INFO o.a.j.t.JMeterThread: Thread finished: Thread Group_Login & Dashboard Using Controllers 1-1
2024-07-12 12:59:00,646 INFO o.a.j.e.StandardJMeterEngine: Notifying test listeners of end of test
2024-07-12 12:59:00,647 INFO o.a.j.s.FileServer: Close: /home/sureshratna/Downloads/JMeter/LoadTestdata.csv
2024-07-12 12:59:00,648 INFO o.a.j.g.u.JMeterMenuBar: setRunning(false, *local*)
2024-07-12 13:00:29,872 INFO o.a.j.e.StandardJMeterEngine: Running the test!
2024-07-12 13:00:29,873 INFO o.a.j.s.SampleEvent: List of sample_variables: []
2024-07-12 13:00:29,873 INFO o.a.j.g.u.JMeterMenuBar: setRunning(true, *local*)
2024-07-12 13:00:29,921 INFO o.a.j.e.StandardJMeterEngine: Starting ThreadGroup: 1 : Thread Group_Login & Dashboard Using Controllers
2024-07-12 13:00:29,921 INFO o.a.j.e.StandardJMeterEngine: Starting 1 threads for group Thread Group_Login & Dashboard Using Controllers.
2024-07-12 13:00:29,921 INFO o.a.j.e.StandardJMeterEngine: Thread will continue on error
2024-07-12 13:00:29,921 INFO o.a.j.t.ThreadGroup: Starting thread group... number=1 threads=1 ramp-up=1 delayedStart=false
2024-07-12 13:00:29,921 INFO o.a.j.t.ThreadGroup: Started thread group number 1
2024-07-12 13:00:29,921 INFO o.a.j.e.StandardJMeterEngine: All thread groups have been started
2024-07-12 13:00:29,922 INFO o.a.j.t.JMeterThread: Thread started: Thread Group_Login & Dashboard Using Controllers 1-1
2024-07-12 13:00:29,922 INFO o.a.j.s.FileServer: Stored: /home/sureshratna/Downloads/JMeter/LoadTestdata.csv
2024-07-12 13:01:01,273 INFO o.a.j.t.JMeterThread: Thread is done: Thread Group_Login & Dashboard Using Controllers 1-1
2024-07-12 13:01:01,274 INFO o.a.j.t.JMeterThread: Thread finished: Thread Group_Login & Dashboard Using Controllers 1-1
2024-07-12 13:01:01,275 INFO o.a.j.e.StandardJMeterEngine: Notifying test listeners of end of test
2024-07-12 13:01:01,276 INFO o.a.j.s.FileServer: Close: /home/sureshratna/Downloads/JMeter/LoadTestdata.csv
2024-07-12 13:01:01,277 INFO o.a.j.g.u.JMeterMenuBar: setRunning(false, *local*)
2024-07-12 13:05:46,200 INFO o.a.j.r.ClassFinder: Will scan jar /home/sureshratna/Downloads/JMeter/apache-jmeter-5.6.3/lib/ext/jmeter-plugins-casutg-2.10.jar with filter ExtendsClassFilter [parents=[interface org.apache.jmeter.visualizers.ResultRenderer], inner=false, contains=null, notContains=null]. Consider exposing JMeter plugins via META-INF/services, and add JMeter-Skip-Class-Scanning=true manifest attribute so JMeter can skip classfile scanning
2024-07-12 13:05:46,201 INFO o.a.j.r.ClassFinder: Will scan jar /home/sureshratna/Downloads/JMeter/apache-jmeter-5.6.3/lib/ext/jmeter-plugins-manager-1.10.jar with filter ExtendsClassFilter [parents=[interface org.apache.jmeter.visualizers.ResultRenderer], inner=false, contains=null, notContains=null]. Consider exposing JMeter plugins via META-INF/services, and add JMeter-Skip-Class-Scanning=true manifest attribute so JMeter can skip classfile scanning
2024-07-12 13:05:46,212 INFO o.a.j.r.ClassFinder: Will scan jar /home/sureshratna/Downloads/JMeter/apache-jmeter-5.6.3/lib/ext/jmeter-plugins-casutg-2.10.jar with filter ExtendsClassFilter [parents=[interface org.apache.jmeter.visualizers.RequestView], inner=false, contains=null, notContains=null]. Consider exposing JMeter plugins via META-INF/services, and add JMeter-Skip-Class-Scanning=true manifest attribute so JMeter can skip classfile scanning
2024-07-12 13:05:46,212 INFO o.a.j.r.ClassFinder: Will scan jar /home/sureshratna/Downloads/JMeter/apache-jmeter-5.6.3/lib/ext/jmeter-plugins-manager-1.10.jar with filter ExtendsClassFilter [parents=[interface org.apache.jmeter.visualizers.RequestView], inner=false, contains=null, notContains=null]. Consider exposing JMeter plugins via META-INF/services, and add JMeter-Skip-Class-Scanning=true manifest attribute so JMeter can skip classfile scanning
